Build started 2013-9-11 14:45:27.
     1>Project "D:\WinParkUI\VSPark\LPKernelEx\LPKernelEx.vcxproj" on node 2 (build target(s)).
     1>InitializeBuildStatus:
         Creating "Debug\LPKernelEx.unsuccessfulbuild" because "AlwaysCreate" was specified.
       ClCompile:
         All outputs are up-to-date.
         All outputs are up-to-date.
         f:\Program Files\Microsoft Visual Studio 10.0\VC\bin\CL.exe /c /ZI /nologo /W3 /WX- /Od /Oy- /D WIN32 /D _DEBUG /D _WINDOWS /D _USRDLL /D LPKERNELEX_EXPORTS /D _WINDLL /D _UNICODE /D UNICODE /Gm /EHsc /RTC1 /MDd /GS /fp:precise /Zc:wchar_t /Zc:forScope /Yu"StdAfx.h" /Fp"Debug\LPKernelEx.pch" /Fo"Debug\\" /Fd"Debug\vc100.pdb" /Gd /TP /analyze- /errorReport:prompt LPKernelEx.cpp
         LPKernelEx.cpp
       ManifestResourceCompile:
         All outputs are up-to-date.
       Link:
         f:\Program Files\Microsoft Visual Studio 10.0\VC\bin\link.exe /ERRORREPORT:PROMPT /OUT:"D:\WinParkUI\VSPark\Debug\LPKernelEx.dll" /INCREMENTAL /NOLOGO kernel32.lib user32.lib gdi32.lib winspool.lib comdlg32.lib advapi32.lib shell32.lib ole32.lib oleaut32.lib uuid.lib odbc32.lib odbccp32.lib /MANIFEST /ManifestFile:"Debug\LPKernelEx.dll.intermediate.manifest" /MANIFESTUAC:"level='asInvoker' uiAccess='false'" /DEBUG /PDB:"D:\WinParkUI\VSPark\Debug\LPKernelEx.pdb" /SUBSYSTEM:WINDOWS /TLBID:1 /DYNAMICBASE /NXCOMPAT /IMPLIB:"D:\WinParkUI\VSPark\Debug\LPKernelEx.lib" /MACHINE:X86 /DLL Debug\LPKernelEx.dll.embed.manifest.res
         Debug\dllmain.obj
         Debug\LPKernelEx.obj
         Debug\stdafx.obj
       Manifest:
         C:\Program Files\Microsoft SDKs\Windows\v7.0A\bin\mt.exe /nologo /verbose /out:"Debug\LPKernelEx.dll.embed.manifest" /manifest Debug\LPKernelEx.dll.intermediate.manifest
         All outputs are up-to-date.
       LinkEmbedManifest:
         All outputs are up-to-date.
         LPKernelEx.vcxproj -> D:\WinParkUI\VSPark\Debug\LPKernelEx.dll
       FinalizeBuildStatus:
         Deleting file "Debug\LPKernelEx.unsuccessfulbuild".
         Touching "Debug\LPKernelEx.lastbuildstate".
     1>Done Building Project "D:\WinParkUI\VSPark\LPKernelEx\LPKernelEx.vcxproj" (build target(s)).

Build succeeded.

Time Elapsed 00:00:05.45
