D:\WINPARKUI\VSPARK\DEBUG\LPKERNELEX.DLL
D:\WinParkUI\VSPark\Debug\LPKernelEx.exp
D:\WINPARKUI\VSPARK\DEBUG\LPKERNELEX.ILK
D:\WinParkUI\VSPark\Debug\LPKernelEx.lib
D:\WINPARKUI\VSPARK\DEBUG\LPKERNELEX.PDB
D:\WinParkUI\VSPark\LPKernelEx\Debug\cl.command.1.tlog
D:\WinParkUI\VSPark\LPKernelEx\Debug\CL.read.1.tlog
D:\WinParkUI\VSPark\LPKernelEx\Debug\CL.write.1.tlog
D:\WINPARKUI\VSPARK\LPKERNELEX\DEBUG\DLLMAIN.OBJ
D:\WinParkUI\VSPark\LPKernelEx\Debug\link.1208.read.1.tlog
D:\WinParkUI\VSPark\LPKernelEx\Debug\link.1208.write.1.tlog
D:\WinParkUI\VSPark\LPKernelEx\Debug\link.1208-cvtres.read.1.tlog
D:\WinParkUI\VSPark\LPKernelEx\Debug\link.1208-cvtres.write.1.tlog
D:\WinParkUI\VSPark\LPKernelEx\Debug\link.2776.read.1.tlog
D:\WinParkUI\VSPark\LPKernelEx\Debug\link.2776.write.1.tlog
D:\WinParkUI\VSPark\LPKernelEx\Debug\link.2776-cvtres.read.1.tlog
D:\WinParkUI\VSPark\LPKernelEx\Debug\link.2776-cvtres.write.1.tlog
D:\WinParkUI\VSPark\LPKernelEx\Debug\link.4008.read.1.tlog
D:\WinParkUI\VSPark\LPKernelEx\Debug\link.4008.write.1.tlog
D:\WinParkUI\VSPark\LPKernelEx\Debug\link.4008-cvtres.read.1.tlog
D:\WinParkUI\VSPark\LPKernelEx\Debug\link.4008-cvtres.write.1.tlog
D:\WinParkUI\VSPark\LPKernelEx\Debug\link.4736.read.1.tlog
D:\WinParkUI\VSPark\LPKernelEx\Debug\link.4736.write.1.tlog
D:\WinParkUI\VSPark\LPKernelEx\Debug\link.4736-cvtres.read.1.tlog
D:\WinParkUI\VSPark\LPKernelEx\Debug\link.4736-cvtres.write.1.tlog
D:\WinParkUI\VSPark\LPKernelEx\Debug\link.5092.read.1.tlog
D:\WinParkUI\VSPark\LPKernelEx\Debug\link.5092.write.1.tlog
D:\WinParkUI\VSPark\LPKernelEx\Debug\link.5092-cvtres.read.1.tlog
D:\WinParkUI\VSPark\LPKernelEx\Debug\link.5092-cvtres.write.1.tlog
D:\WinParkUI\VSPark\LPKernelEx\Debug\link.5896.read.1.tlog
D:\WinParkUI\VSPark\LPKernelEx\Debug\link.5896.write.1.tlog
D:\WinParkUI\VSPark\LPKernelEx\Debug\link.5896-cvtres.read.1.tlog
D:\WinParkUI\VSPark\LPKernelEx\Debug\link.5896-cvtres.write.1.tlog
D:\WinParkUI\VSPark\LPKernelEx\Debug\link.6052.read.1.tlog
D:\WinParkUI\VSPark\LPKernelEx\Debug\link.6052.write.1.tlog
D:\WinParkUI\VSPark\LPKernelEx\Debug\link.6052-cvtres.read.1.tlog
D:\WinParkUI\VSPark\LPKernelEx\Debug\link.6052-cvtres.write.1.tlog
D:\WinParkUI\VSPark\LPKernelEx\Debug\link.command.1.tlog
D:\WinParkUI\VSPark\LPKernelEx\Debug\link.read.1.tlog
D:\WinParkUI\VSPark\LPKernelEx\Debug\link.write.1.tlog
D:\WinParkUI\VSPark\LPKernelEx\Debug\link-cvtres.read.1.tlog
D:\WinParkUI\VSPark\LPKernelEx\Debug\link-cvtres.write.1.tlog
D:\WINPARKUI\VSPARK\LPKERNELEX\DEBUG\LPKERNELEX.DLL.EMBED.MANIFEST
D:\WINPARKUI\VSPARK\LPKERNELEX\DEBUG\LPKERNELEX.DLL.EMBED.MANIFEST.RES
D:\WINPARKUI\VSPARK\LPKERNELEX\DEBUG\LPKERNELEX.DLL.INTERMEDIATE.MANIFEST
D:\WINPARKUI\VSPARK\LPKERNELEX\DEBUG\LPKERNELEX.OBJ
D:\WINPARKUI\VSPARK\LPKERNELEX\DEBUG\LPKERNELEX.PCH
D:\WinParkUI\VSPark\LPKernelEx\Debug\LPKernelEx.write.1.tlog
D:\WinParkUI\VSPark\LPKernelEx\Debug\LPKernelEx_manifest.rc
D:\WinParkUI\VSPark\LPKernelEx\Debug\mt.command.1.tlog
D:\WinParkUI\VSPark\LPKernelEx\Debug\mt.read.1.tlog
D:\WinParkUI\VSPark\LPKernelEx\Debug\mt.write.1.tlog
D:\WinParkUI\VSPark\LPKernelEx\Debug\rc.command.1.tlog
D:\WinParkUI\VSPark\LPKernelEx\Debug\rc.read.1.tlog
D:\WinParkUI\VSPark\LPKernelEx\Debug\rc.write.1.tlog
D:\WINPARKUI\VSPARK\LPKERNELEX\DEBUG\STDAFX.OBJ
D:\WinParkUI\VSPark\LPKernelEx\Debug\vc100.idb
D:\WINPARKUI\VSPARK\LPKERNELEX\DEBUG\VC100.PDB
