D:\WinParkUI\VSPark\LPKernelEx\Release\cl.command.1.tlog
D:\WinParkUI\VSPark\LPKernelEx\Release\CL.read.1.tlog
D:\WinParkUI\VSPark\LPKernelEx\Release\CL.write.1.tlog
D:\WINPARKUI\VSPARK\LPKERNELEX\RELEASE\DLLMAIN.OBJ
D:\WinParkUI\VSPark\LPKernelEx\Release\link.command.1.tlog
D:\WinParkUI\VSPark\LPKernelEx\Release\link.read.1.tlog
D:\WinParkUI\VSPark\LPKernelEx\Release\link.write.1.tlog
D:\WinParkUI\VSPark\LPKernelEx\Release\link-cvtres.read.1.tlog
D:\WinParkUI\VSPark\LPKernelEx\Release\link-cvtres.write.1.tlog
D:\WINPARKUI\VSPARK\LPKERNELEX\RELEASE\LPKERNELEX.DLL.INTERMEDIATE.MANIFEST
D:\WINPARKUI\VSPARK\LPKERNELEX\RELEASE\LPKERNELEX.OBJ
D:\WINPARKUI\VSPARK\LPKERNELEX\RELEASE\LPKERNELEX.PCH
D:\WINPARKUI\VSPARK\LPKERNELEX\RELEASE\LPKERNELEX.RES
D:\WinParkUI\VSPark\LPKernelEx\Release\LPKernelEx.write.1.tlog
D:\WinParkUI\VSPark\LPKernelEx\Release\mt.command.1.tlog
D:\WinParkUI\VSPark\LPKernelEx\Release\mt.read.1.tlog
D:\WinParkUI\VSPark\LPKernelEx\Release\mt.write.1.tlog
D:\WinParkUI\VSPark\LPKernelEx\Release\rc.command.1.tlog
D:\WinParkUI\VSPark\LPKernelEx\Release\rc.read.1.tlog
D:\WinParkUI\VSPark\LPKernelEx\Release\rc.write.1.tlog
D:\WINPARKUI\VSPARK\LPKERNELEX\RELEASE\STDAFX.OBJ
D:\WINPARKUI\VSPARK\LPKERNELEX\RELEASE\VC100.PDB
D:\WINPARKUI\VSPARK\RELEASE\LPKERNELEX.DLL
D:\WinParkUI\VSPark\Release\LPKernelEx.exp
D:\WinParkUI\VSPark\Release\LPKernelEx.lib
D:\WINPARKUI\VSPARK\RELEASE\LPKERNELEX.PDB
